2005.05.12 13:41 B c:\migration\climatenormals\clim20supp1\freezefrostpage_files\climatenormals.jpe <-- Monsoon - HAS Perl /raid6/raid4/csdapps/climatenormals/clim20/supp1/freezefrostpage_files climatenormals.jpe
2005.05.12 13:41 B c:\migration\climatenormals\clim20supp1\freezefrostpage_files\clinormslogo.jpe <-- Monsoon - HAS Perl /raid6/raid4/csdapps/climatenormals/clim20/supp1/freezefrostpage_files clinormslogo.jpe
2005.05.12 13:41 B c:\migration\climatenormals\clim20supp1\freezefrostpage_files\clinormslogo2.jpe <-- Monsoon - HAS Perl /raid6/raid4/csdapps/climatenormals/clim20/supp1/freezefrostpage_files clinormslogo2.jpe
2005.05.12 13:42 B c:\migration\climatenormals\clim20supp1\freezefrostpage_files\line.gif <-- Monsoon - HAS Perl /raid6/raid4/csdapps/climatenormals/clim20/supp1/freezefrostpage_files line.gif
2005.05.12 13:42 B c:\migration\climatenormals\clim20supp1\freezefrostpage_files\noaabullet.gif <-- Monsoon - HAS Perl /raid6/raid4/csdapps/climatenormals/clim20/supp1/freezefrostpage_files noaabullet.gif
2005.05.12 13:42 B c:\migration\climatenormals\clim20supp1\freezefrostpage_files\nws.jpe <-- Monsoon - HAS Perl /raid6/raid4/csdapps/climatenormals/clim20/supp1/freezefrostpage_files nws.jpe
2005.05.12 13:42 B c:\migration\climatenormals\clim20supp1\freezefrostpage_files\overview.jpe <-- Monsoon - HAS Perl /raid6/raid4/csdapps/climatenormals/clim20/supp1/freezefrostpage_files overview.jpe
2005.05.12 13:42 B c:\migration\climatenormals\clim20supp1\freezefrostpage_files\prodselect.jpe <-- Monsoon - HAS Perl /raid6/raid4/csdapps/climatenormals/clim20/supp1/freezefrostpage_files prodselect.jpe
2005.05.12 13:42 B c:\migration\climatenormals\clim20supp1\freezefrostpage_files\prodseltxt.jpe <-- Monsoon - HAS Perl /raid6/raid4/csdapps/climatenormals/clim20/supp1/freezefrostpage_files prodseltxt.jpe
2005.05.12 13:42 B c:\migration\climatenormals\clim20supp1\freezefrostpage_files\smline.gif <-- Monsoon - HAS Perl /raid6/raid4/csdapps/climatenormals/clim20/supp1/freezefrostpage_files smline.gif
2005.05.12 13:42 B c:\migration\climatenormals\clim20supp1\freezefrostpage_files\Thumbs.db <-- Monsoon - HAS Perl /raid6/raid4/csdapps/climatenormals/clim20/supp1/freezefrostpage_files Thumbs.db
2005.05.12 13:42 B c:\migration\climatenormals\clim20supp1\freezefrostpage_files\unlimited.jpe <-- Monsoon - HAS Perl /raid6/raid4/csdapps/climatenormals/clim20/supp1/freezefrostpage_files unlimited.jpe
2005.05.12 13:43 B c:\migration\climatenormals\clim20supp1\freezefrostpage_files\climatenormals.jpe --> Monsoon /raid6/raid4/csdapps/climatenormals/clim20supp1/freezefrostpage_files climatenormals.jpe
2005.05.12 13:43 B c:\migration\climatenormals\clim20supp1\freezefrostpage_files\clinormslogo.jpe --> Monsoon /raid6/raid4/csdapps/climatenormals/clim20supp1/freezefrostpage_files clinormslogo.jpe
2005.05.12 13:43 B c:\migration\climatenormals\clim20supp1\freezefrostpage_files\clinormslogo2.jpe --> Monsoon /raid6/raid4/csdapps/climatenormals/clim20supp1/freezefrostpage_files clinormslogo2.jpe
2005.05.12 13:43 B c:\migration\climatenormals\clim20supp1\freezefrostpage_files\line.gif --> Monsoon /raid6/raid4/csdapps/climatenormals/clim20supp1/freezefrostpage_files line.gif
2005.05.12 13:43 B c:\migration\climatenormals\clim20supp1\freezefrostpage_files\noaabullet.gif --> Monsoon /raid6/raid4/csdapps/climatenormals/clim20supp1/freezefrostpage_files noaabullet.gif
2005.05.12 13:43 B c:\migration\climatenormals\clim20supp1\freezefrostpage_files\nws.jpe --> Monsoon /raid6/raid4/csdapps/climatenormals/clim20supp1/freezefrostpage_files nws.jpe
2005.05.12 13:43 B c:\migration\climatenormals\clim20supp1\freezefrostpage_files\overview.jpe --> Monsoon /raid6/raid4/csdapps/climatenormals/clim20supp1/freezefrostpage_files overview.jpe
2005.05.12 13:43 B c:\migration\climatenormals\clim20supp1\freezefrostpage_files\prodselect.jpe --> Monsoon /raid6/raid4/csdapps/climatenormals/clim20supp1/freezefrostpage_files prodselect.jpe
2005.05.12 13:43 B c:\migration\climatenormals\clim20supp1\freezefrostpage_files\prodseltxt.jpe --> Monsoon /raid6/raid4/csdapps/climatenormals/clim20supp1/freezefrostpage_files prodseltxt.jpe
2005.05.12 13:43 B c:\migration\climatenormals\clim20supp1\freezefrostpage_files\smline.gif --> Monsoon /raid6/raid4/csdapps/climatenormals/clim20supp1/freezefrostpage_files smline.gif
2005.05.12 13:43 B c:\migration\climatenormals\clim20supp1\freezefrostpage_files\Thumbs.db --> Monsoon /raid6/raid4/csdapps/climatenormals/clim20supp1/freezefrostpage_files Thumbs.db
2005.05.12 13:43 B c:\migration\climatenormals\clim20supp1\freezefrostpage_files\unlimited.jpe --> Monsoon /raid6/raid4/csdapps/climatenormals/clim20supp1/freezefrostpage_files unlimited.jpe
